SF:lib/features/image_fetcher/data/data_source/coffee_image_remote_data_source.dart
DA:8,1
DA:12,1
DA:14,1
DA:16,2
DA:18,1
DA:23,1
DA:24,1
DA:27,2
DA:28,2
DA:30,2
DA:32,1
DA:36,1
DA:37,1
DA:38,3
DA:40,1
DA:41,2
LF:16
LH:16
end_of_record
SF:lib/features/image_gallery/data/data_source/image_gallery_local_data_source.dart
DA:11,1
DA:12,1
DA:13,3
DA:14,1
DA:15,1
DA:17,1
DA:20,1
DA:21,1
DA:22,1
DA:25,1
DA:27,2
DA:29,1
DA:30,1
DA:33,1
DA:34,1
DA:36,1
DA:38,2
DA:40,1
DA:41,1
DA:42,1
DA:43,1
DA:45,2
DA:46,1
DA:48,1
DA:49,1
DA:50,1
DA:51,1
DA:61,3
DA:64,1
DA:69,1
DA:73,1
DA:75,3
DA:76,2
DA:78,1
DA:79,2
DA:81,1
DA:83,1
DA:86,1
DA:88,2
DA:90,0
DA:91,0
DA:95,1
DA:97,2
DA:98,1
DA:100,1
DA:101,1
DA:104,1
DA:106,2
DA:108,0
DA:109,0
DA:113,1
DA:114,2
DA:116,1
DA:118,1
DA:119,1
DA:120,1
DA:121,1
DA:124,2
DA:125,1
DA:126,1
DA:127,2
DA:130,2
DA:133,1
DA:134,2
DA:136,1
DA:140,1
DA:141,1
DA:142,2
DA:144,2
DA:147,2
LF:70
LH:66
end_of_record
SF:lib/shared/logging/app_logger.dart
DA:4,4
DA:7,4
DA:9,4
DA:14,4
DA:16,0
DA:18,12
DA:20,0
DA:22,0
DA:24,4
DA:25,8
LF:10
LH:7
end_of_record
SF:lib/shared/domain/models/coffee_image.dart
DA:7,6
DA:19,1
DA:25,1
DA:26,1
DA:27,1
DA:28,1
DA:29,1
DA:33,4
DA:36,3
DA:37,9
DA:38,6
DA:41,0
DA:42,0
LF:13
LH:11
end_of_record
SF:lib/features/image_gallery/presentation/bloc/image_gallery_bloc.dart
DA:10,3
DA:11,2
DA:12,2
DA:13,2
DA:18,1
DA:22,2
DA:25,1
DA:26,2
DA:27,2
DA:28,3
DA:30,1
DA:31,6
DA:35,1
DA:39,2
DA:42,1
DA:43,3
DA:44,2
DA:45,1
DA:47,1
DA:48,6
DA:52,1
DA:57,3
DA:58,3
DA:61,2
DA:62,1
DA:64,1
DA:65,6
LF:27
LH:27
end_of_record
SF:lib/features/image_gallery/presentation/bloc/image_gallery_event.dart
DA:8,1
DA:14,1
LF:2
LH:2
end_of_record
SF:lib/features/image_gallery/presentation/bloc/image_gallery_state.dart
DA:10,1
DA:16,1
DA:26,1
LF:3
LH:3
end_of_record
SF:lib/features/image_gallery/presentation/widgets/gallery_empty_state.dart
DA:5,6
DA:7,0
DA:9,0
DA:10,0
DA:12,0
DA:13,0
DA:16,0
DA:19,0
DA:20,0
DA:21,0
DA:24,0
DA:25,0
DA:26,0
LF:13
LH:1
end_of_record
SF:lib/features/image_gallery/presentation/widgets/gallery_grid.dart
DA:7,0
DA:26,0
DA:28,0
DA:32,0
DA:33,0
DA:34,0
DA:35,0
DA:36,0
DA:37,0
DA:38,0
DA:40,0
DA:41,0
DA:42,0
DA:43,0
DA:45,0
DA:46,0
DA:47,0
LF:17
LH:0
end_of_record
SF:lib/features/image_gallery/presentation/widgets/gallery_item.dart
DA:10,0
DA:21,0
DA:23,0
DA:25,0
DA:26,0
DA:27,0
DA:29,0
DA:30,0
DA:31,0
DA:32,0
DA:33,0
DA:35,0
DA:36,0
DA:37,0
DA:39,0
DA:47,0
DA:50,0
DA:51,0
DA:53,0
DA:55,0
DA:61,0
DA:70,0
DA:74,0
DA:75,0
DA:76,0
DA:79,0
DA:80,0
DA:86,0
DA:87,0
DA:88,0
DA:104,0
DA:105,0
DA:107,0
DA:108,0
DA:109,0
DA:110,0
DA:111,0
DA:112,0
DA:113,0
DA:115,0
DA:116,0
DA:117,0
DA:118,0
DA:119,0
DA:120,0
DA:124,0
DA:125,0
DA:126,0
DA:127,0
DA:136,0
DA:137,0
LF:51
LH:0
end_of_record
SF:lib/shared/theme/app_theme.dart
DA:12,0
DA:13,0
DA:15,0
DA:30,0
DA:31,0
DA:36,0
DA:37,0
DA:45,0
DA:48,0
DA:49,0
LF:10
LH:0
end_of_record
SF:lib/features/image_fetcher/presentation/bloc/image_fetcher_bloc.dart
DA:10,3
DA:11,2
DA:16,1
DA:20,2
DA:23,1
DA:24,2
DA:25,2
DA:26,1
DA:28,1
DA:29,6
LF:10
LH:10
end_of_record
SF:lib/features/image_fetcher/presentation/bloc/image_fetcher_state.dart
DA:10,1
DA:16,1
LF:2
LH:2
end_of_record
SF:lib/features/image_fetcher/data/services/image_fetcher_service_impl.dart
DA:7,1
DA:11,1
DA:13,2
LF:3
LH:3
end_of_record
SF:lib/features/image_gallery/data/services/image_gallery_service_impl.dart
DA:7,1
DA:11,1
DA:13,2
DA:16,1
DA:18,2
DA:21,1
DA:23,2
LF:7
LH:7
end_of_record
